Using pre-set license
Built from '2021.3/staging' branch; Version is '2021.3.29f1 (204d6dc9ae1c) revision 2116973'; Using compiler version '192829333'; Build Type 'Release'
OS: 'Windows 10  (10.0.19045) 64bit CoreSingleLanguage' Language: 'en' Physical Memory: 16224 MB
BatchMode: 1, IsHumanControllingUs: 0, StartBugReporterOnCrash: 0, Is64bit: 1, IsPro: 1

COMMAND LINE ARGUMENTS:
D:\ProgramFiles\2021.3.29f1\Editor\Unity.exe
-adb2
-batchMode
-noUpm
-name
AssetImportWorker0
-projectPath
D:/PENS/BLJR/sem5/AI for Games/4/Project/ThirdPersonShooter
-logFile
Logs/AssetImportWorker0.log
-srvPort
54806
Successfully changed project path to: D:/PENS/BLJR/sem5/AI for Games/4/Project/ThirdPersonShooter
D:/PENS/BLJR/sem5/AI for Games/4/Project/ThirdPersonShooter
[UnityMemory] Configuration Parameters - Can be set up in boot.config
    "memorysetup-bucket-allocator-granularity=16"
    "memorysetup-bucket-allocator-bucket-count=8"
    "memorysetup-bucket-allocator-block-size=33554432"
    "memorysetup-bucket-allocator-block-count=8"
    "memorysetup-main-allocator-block-size=16777216"
    "memorysetup-thread-allocator-block-size=16777216"
    "memorysetup-gfx-main-allocator-block-size=16777216"
    "memorysetup-gfx-thread-allocator-block-size=16777216"
    "memorysetup-cache-allocator-block-size=4194304"
    "memorysetup-typetree-allocator-block-size=2097152"
    "memorysetup-profiler-bucket-allocator-granularity=16"
    "memorysetup-profiler-bucket-allocator-bucket-count=8"
    "memorysetup-profiler-bucket-allocator-block-size=33554432"
    "memorysetup-profiler-bucket-allocator-block-count=8"
    "memorysetup-profiler-allocator-block-size=16777216"
    "memorysetup-profiler-editor-allocator-block-size=1048576"
    "memorysetup-temp-allocator-size-main=16777216"
    "memorysetup-job-temp-allocator-block-size=2097152"
    "memorysetup-job-temp-allocator-block-size-background=1048576"
    "memorysetup-job-temp-allocator-reduction-small-platforms=262144"
    "memorysetup-temp-allocator-size-background-worker=32768"
    "memorysetup-temp-allocator-size-job-worker=262144"
    "memorysetup-temp-allocator-size-preload-manager=33554432"
    "memorysetup-temp-allocator-size-nav-mesh-worker=65536"
    "memorysetup-temp-allocator-size-audio-worker=65536"
    "memorysetup-temp-allocator-size-cloud-worker=32768"
    "memorysetup-temp-allocator-size-gi-baking-worker=262144"
    "memorysetup-temp-allocator-size-gfx=262144"
Player connection [25356] Host "[IP] 192.168.0.111 [Port] 0 [Flags] 2 [Guid] 1494433027 [EditorId] 1494433027 [Version] 1048832 [Id] WindowsEditor(7,DESKTOP-S1I68Q5) [Debug] 1 [PackageName] WindowsEditor [ProjectName] Editor" joined multi-casting on [225.0.0.222:54997]...

Player connection [25356] Host "[IP] 192.168.0.111 [Port] 0 [Flags] 2 [Guid] 1494433027 [EditorId] 1494433027 [Version] 1048832 [Id] WindowsEditor(7,DESKTOP-S1I68Q5) [Debug] 1 [PackageName] WindowsEditor [ProjectName] Editor" joined alternative multi-casting on [225.0.0.222:34997]...

Refreshing native plugins compatible for Editor in 92.79 ms, found 3 plugins.
Preloading 0 native plugins for Editor in 0.00 ms.
Initialize engine version: 2021.3.29f1 (204d6dc9ae1c)
[Subsystems] Discovering subsystems at path D:/ProgramFiles/2021.3.29f1/Editor/Data/Resources/UnitySubsystems
[Subsystems] Discovering subsystems at path D:/PENS/BLJR/sem5/AI for Games/4/Project/ThirdPersonShooter/Assets
GfxDevice: creating device client; threaded=0; jobified=0
Direct3D:
    Version:  Direct3D 11.0 [level 11.1]
    Renderer: NVIDIA GeForce GTX 1650 (ID=0x1f91)
    Vendor:   NVIDIA
    VRAM:     3949 MB
    Driver:   31.0.15.3713
Initialize mono
Mono path[0] = 'D:/ProgramFiles/2021.3.29f1/Editor/Data/Managed'
Mono path[1] = 'D:/ProgramFiles/2021.3.29f1/Editor/Data/MonoBleedingEdge/lib/mono/unityjit-win32'
Mono config path = 'D:/ProgramFiles/2021.3.29f1/Editor/Data/MonoBleedingEdge/etc'
Using monoOptions --debugger-agent=transport=dt_socket,embedding=1,server=y,suspend=n,address=127.0.0.1:56764
Begin MonoManager ReloadAssembly
Registering precompiled unity dll's ...
Register platform support module: D:/ProgramFiles/2021.3.29f1/Editor/Data/PlaybackEngines/WindowsStandaloneSupport/UnityEditor.WindowsStandalone.Extensions.dll
Registered in 0.004064 seconds.
Native extension for WindowsStandalone target not found
Refreshing native plugins compatible for Editor in 97.44 ms, found 3 plugins.
Preloading 0 native plugins for Editor in 0.00 ms.
Mono: successfully reloaded assembly
- Completed reload, in  0.788 seconds
Domain Reload Profiling:
	ReloadAssembly (788ms)
		BeginReloadAssembly (133ms)
			ExecutionOrderSort (0ms)
			DisableScriptedObjects (0ms)
			BackupInstance (0ms)
			ReleaseScriptingObjects (0ms)
			CreateAndSetChildDomain (1ms)
		EndReloadAssembly (544ms)
			LoadAssemblies (133ms)
			RebuildTransferFunctionScriptingTraits (0ms)
			SetupTypeCache (130ms)
			ReleaseScriptCaches (0ms)
			RebuildScriptCaches (34ms)
			SetupLoadedEditorAssemblies (313ms)
				LogAssemblyErrors (0ms)
				InitializePlatformSupportModulesInManaged (8ms)
				SetLoadedEditorAssemblies (0ms)
				RefreshPlugins (98ms)
				BeforeProcessingInitializeOnLoad (1ms)
				ProcessInitializeOnLoadAttributes (141ms)
				ProcessInitializeOnLoadMethodAttributes (65ms)
				AfterProcessingInitializeOnLoad (0ms)
				EditorAssembliesLoaded (0ms)
			ExecutionOrderSort2 (0ms)
			AwakeInstancesAfterBackupRestoration (0ms)
Platform modules already initialized, skipping
Registering precompiled user dll's ...
Registered in 0.006065 seconds.
Begin MonoManager ReloadAssembly
Symbol file LoadedFromMemory doesn't match image D:\PENS\BLJR\sem5\AI for Games\4\Project\ThirdPersonShooter\Library\PackageCache\com.unity.visualscripting@1.8.0\Editor\VisualScripting.Core\Dependencies\YamlDotNet\Unity.VisualScripting.YamlDotNet.dll
Symbol file LoadedFromMemory doesn't match image D:\PENS\BLJR\sem5\AI for Games\4\Project\ThirdPersonShooter\Library\PackageCache\com.unity.visualscripting@1.8.0\Editor\VisualScripting.Core\Dependencies\DotNetZip\Unity.VisualScripting.IonicZip.dll
Native extension for WindowsStandalone target not found
Refreshing native plugins compatible for Editor in 0.48 ms, found 3 plugins.
Preloading 0 native plugins for Editor in 0.00 ms.
Mono: successfully reloaded assembly
- Completed reload, in  1.337 seconds
Domain Reload Profiling:
	ReloadAssembly (1337ms)
		BeginReloadAssembly (182ms)
			ExecutionOrderSort (0ms)
			DisableScriptedObjects (8ms)
			BackupInstance (0ms)
			ReleaseScriptingObjects (0ms)
			CreateAndSetChildDomain (25ms)
		EndReloadAssembly (1026ms)
			LoadAssemblies (239ms)
			RebuildTransferFunctionScriptingTraits (0ms)
			SetupTypeCache (342ms)
			ReleaseScriptCaches (1ms)
			RebuildScriptCaches (58ms)
			SetupLoadedEditorAssemblies (389ms)
				LogAssemblyErrors (0ms)
				InitializePlatformSupportModulesInManaged (8ms)
				SetLoadedEditorAssemblies (1ms)
				RefreshPlugins (1ms)
				BeforeProcessingInitializeOnLoad (95ms)
				ProcessInitializeOnLoadAttributes (255ms)
				ProcessInitializeOnLoadMethodAttributes (26ms)
				AfterProcessingInitializeOnLoad (4ms)
				EditorAssembliesLoaded (0ms)
			ExecutionOrderSort2 (0ms)
			AwakeInstancesAfterBackupRestoration (8ms)
Platform modules already initialized, skipping
========================================================================
Worker process is ready to serve import requests
Launched and connected shader compiler UnityShaderCompiler.exe after 0.07 seconds
Refreshing native plugins compatible for Editor in 0.94 ms, found 3 plugins.
Preloading 0 native plugins for Editor in 0.00 ms.
Unloading 3055 Unused Serialized files (Serialized files now loaded: 0)
Unloading 22 unused Assets / (46.3 KB). Loaded Objects now: 3518.
Memory consumption went from 107.9 MB to 107.9 MB.
Total: 5.169800 ms (FindLiveObjects: 0.401300 ms CreateObjectMapping: 0.288600 ms MarkObjects: 4.356500 ms  DeleteObjects: 0.121800 ms)

AssetImportParameters requested are different than current active one (requested -> active):
  custom:video-decoder-ogg-theora: a1e56fd34408186e4bbccfd4996cb3dc -> 
  custom:container-muxer-webm: aa71ff27fc2769a1b78a27578f13a17b -> 
  custom:container-demuxer-webm: 4f35f7cbe854078d1ac9338744f61a02 -> 
  custom:video-encoder-webm-vp8: eb34c28f22e8b96e1ab97ce403110664 -> 
  custom:CustomObjectIndexerAttribute: bc11b3a6c3213fcdd17b65e7da85e133 -> 
  custom:audio-encoder-webm-vorbis: bf7c407c2cedff20999df2af8eb42d56 -> 
  custom:framework-win-MediaFoundation: 216162199b28c13a410421893ffa2e32 -> 
  custom:container-demuxer-ogg: 62fdf1f143b41e24485cea50d1cbac27 -> 
  custom:video-decoder-webm-vp8: 9c59270c3fd7afecdb556c50c9e8de78 -> 
  custom:audio-decoder-ogg-vorbis: bf7c407c2cedff20999df2af8eb42d56 -> 
========================================================================
Received Import Request.
  Time since last request: 10805.855722 seconds.
  path: Assets/Scenes/SampleScene/LightingData.asset
  artifactKey: Guid(4676b3bdb848c0840a7a3c5ebec8e7a4) Importer(815301076,1909f56bfc062723c751e8b465ee728b)
Start importing Assets/Scenes/SampleScene/LightingData.asset using Guid(4676b3bdb848c0840a7a3c5ebec8e7a4) Importer(815301076,1909f56bfc062723c751e8b465ee728b)  -> (artifact id: '37b9a4f702d34255acf10e94de59d7f8') in 0.054165 seconds 
========================================================================
Received Import Request.
  Time since last request: 3375.523829 seconds.
  path: Assets/Scripts/Player.cs
  artifactKey: Guid(8530c843213fd4f489e676ab3bdadefb) Importer(815301076,1909f56bfc062723c751e8b465ee728b)
Start importing Assets/Scripts/Player.cs using Guid(8530c843213fd4f489e676ab3bdadefb) Importer(815301076,1909f56bfc062723c751e8b465ee728b)  -> (artifact id: '6b0295474089dfe5fbb07c5c30b4c7f1') in 0.027273 seconds 
========================================================================
Received Import Request.
  Time since last request: 86.709954 seconds.
  path: Assets/Scripts/Player.cs
  artifactKey: Guid(8530c843213fd4f489e676ab3bdadefb) Importer(815301076,1909f56bfc062723c751e8b465ee728b)
Start importing Assets/Scripts/Player.cs using Guid(8530c843213fd4f489e676ab3bdadefb) Importer(815301076,1909f56bfc062723c751e8b465ee728b)  -> (artifact id: '0ac4c9970000805b346be268fb2af1fc') in 0.002187 seconds 
========================================================================
Received Import Request.
  Time since last request: 27.822116 seconds.
  path: Assets/Scripts/Player.cs
  artifactKey: Guid(8530c843213fd4f489e676ab3bdadefb) Importer(815301076,1909f56bfc062723c751e8b465ee728b)
Start importing Assets/Scripts/Player.cs using Guid(8530c843213fd4f489e676ab3bdadefb) Importer(815301076,1909f56bfc062723c751e8b465ee728b)  -> (artifact id: '5b639985e1d702ff90495055ae6fc906') in 0.002422 seconds 
========================================================================
Received Import Request.
  Time since last request: 46.058534 seconds.
  path: Assets/Scripts/Player.cs
  artifactKey: Guid(8530c843213fd4f489e676ab3bdadefb) Importer(815301076,1909f56bfc062723c751e8b465ee728b)
Start importing Assets/Scripts/Player.cs using Guid(8530c843213fd4f489e676ab3bdadefb) Importer(815301076,1909f56bfc062723c751e8b465ee728b)  -> (artifact id: '16a0682bdaddd9db72b49bb439579eb8') in 0.002785 seconds 
========================================================================
Received Import Request.
  Time since last request: 22.673468 seconds.
  path: Assets/Scripts/Player.cs
  artifactKey: Guid(8530c843213fd4f489e676ab3bdadefb) Importer(815301076,1909f56bfc062723c751e8b465ee728b)
Start importing Assets/Scripts/Player.cs using Guid(8530c843213fd4f489e676ab3bdadefb) Importer(815301076,1909f56bfc062723c751e8b465ee728b)  -> (artifact id: '5ac7793e4055b051d675d6f7a70e27f2') in 0.002856 seconds 
========================================================================
Received Import Request.
  Time since last request: 38.564425 seconds.
  path: Assets/Scripts/Player.cs
  artifactKey: Guid(8530c843213fd4f489e676ab3bdadefb) Importer(815301076,1909f56bfc062723c751e8b465ee728b)
Start importing Assets/Scripts/Player.cs using Guid(8530c843213fd4f489e676ab3bdadefb) Importer(815301076,1909f56bfc062723c751e8b465ee728b)  -> (artifact id: '255e343db6afb571c2c1788ea3ef3141') in 0.009122 seconds 
========================================================================
Received Import Request.
  Time since last request: 385.965486 seconds.
  path: Assets/Scripts/PlayerMovement.cs
  artifactKey: Guid(f18aa97662816874da2fe807930d8993) Importer(815301076,1909f56bfc062723c751e8b465ee728b)
Start importing Assets/Scripts/PlayerMovement.cs using Guid(f18aa97662816874da2fe807930d8993) Importer(815301076,1909f56bfc062723c751e8b465ee728b)  -> (artifact id: '4f6ee80ea888384a5ddec79e2ab2066e') in 0.009989 seconds 
